<?xml version="1.0" encoding="UTF-8"?>
<testsuite xmlns:xsi="http://www.w3.org/2001/XMLSchema-instance" xsi:noNamespaceSchemaLocation="https://maven.apache.org/surefire/maven-surefire-plugin/xsd/surefire-test-report-3.0.xsd" version="3.0" name="com.example.ltemodem.LteModemManagerTest" time="1.089" tests="3" errors="0" skipped="0" failures="0">
  <properties>
[...]
</properties>
  <testcase name="testSmsReceivedEventParsing" classname="com.example.ltemodem.LteModemManagerTest" time="0.523"/>
  <testcase name="testUssdEventParsing" classname="com.example.ltemodem.LteModemManagerTest" time="0.206"/>
  <testcase name="testPdpEventParsing" classname="com.example.ltemodem.LteModemManagerTest" time="0.208"/>
</testsuite>